# JRE version: OpenJDK Runtime Environment (17.0.11) (build 17.0.11+0--11852314)
# Java VM: OpenJDK 64-Bit Server VM (17.0.11+0--11852314, mixed mode, tiered, compressed oops, compressed class ptrs, g1 gc, windows-amd64)
GC Precious Log:
 CPUs: 12 total, 12 available
 Memory: 5996M
 Large Page Support: Disabled
 NUMA Support: Disabled
 Compressed Oops: Enabled (Zero based)
 Heap Region Size: 2M
 Heap Min Capacity: 8M
 Heap Initial Capacity: 94M
 Heap Max Capacity: 4G
 Pre-touch: Disabled
 Parallel Workers: 10
 Concurrent Workers: 3
 Concurrent Refinement Workers: 10
 Periodic GC: Disabled
Heap:
 garbage-first heap   total 372736K, used 174687K [0x0000000700000000, 0x0000000800000000)
  region size 2048K, 4 young (8192K), 4 survivors (8192K)
 Metaspace       used 106951K, committed 107776K, reserved 1179648K
  class space    used 14596K, committed 14976K, reserved 1048576K
GC Heap History (20 events):
Event: 20.681 GC heap after
{Heap after GC invocations=52 (full 0):
 garbage-first heap   total 372736K, used 136198K [0x0000000700000000, 0x0000000800000000)
  region size 2048K, 2 young (4096K), 2 survivors (4096K)
 Metaspace       used 100442K, committed 101248K, reserved 1179648K
  class space    used 13630K, committed 14016K, reserved 1048576K
}
Event: 20.691 GC heap before
{Heap before GC invocations=52 (full 0):
 garbage-first heap   total 372736K, used 142342K [0x0000000700000000, 0x0000000800000000)
  region size 2048K, 3 young (6144K), 2 survivors (4096K)
 Metaspace       used 100442K, committed 101248K, reserved 1179648K
  class space    used 13630K, committed 14016K, reserved 1048576K
}
Event: 20.697 GC heap after
{Heap after GC invocations=53 (full 0):
 garbage-first heap   total 372736K, used 143203K [0x0000000700000000, 0x0000000800000000)
  region size 2048K, 3 young (6144K), 3 survivors (6144K)
 Metaspace       used 100442K, committed 101248K, reserved 1179648K
  class space    used 13630K, committed 14016K, reserved 1048576K
}
Event: 28.158 GC heap before
{Heap before GC invocations=54 (full 0):
 garbage-first heap   total 372736K, used 282467K [0x0000000700000000, 0x0000000800000000)
  region size 2048K, 65 young (133120K), 3 survivors (6144K)
 Metaspace       used 106934K, committed 107776K, reserved 1179648K
  class space    used 14596K, committed 14976K, reserved 1048576K
}
Event: 28.190 GC heap after
{Heap after GC invocations=55 (full 0):
 garbage-first heap   total 372736K, used 165522K [0x0000000700000000, 0x0000000800000000)
  region size 2048K, 8 young (16384K), 8 survivors (16384K)
 Metaspace       used 106934K, committed 107776K, reserved 1179648K
  class space    used 14596K, committed 14976K, reserved 1048576K
}
Event: 28.254 GC heap before
{Heap before GC invocations=55 (full 0):
 garbage-first heap   total 372736K, used 167570K [0x0000000700000000, 0x0000000800000000)
  region size 2048K, 9 young (18432K), 8 survivors (16384K)
 Metaspace       used 106936K, committed 107776K, reserved 1179648K
  class space    used 14596K, committed 14976K, reserved 1048576K
}
Event: 29.260 GC heap after
{Heap after GC invocations=56 (full 0):
 garbage-first heap   total 372736K, used 165652K [0x0000000700000000, 0x0000000800000000)
  region size 2048K, 2 young (4096K), 2 survivors (4096K)
 Metaspace       used 106936K, committed 107776K, reserved 1179648K
  class space    used 14596K, committed 14976K, reserved 1048576K
}
Event: 29.781 GC heap before
{Heap before GC invocations=56 (full 0):
 garbage-first heap   total 372736K, used 184084K [0x0000000700000000, 0x0000000800000000)
  region size 2048K, 11 young (22528K), 2 survivors (4096K)
 Metaspace       used 106936K, committed 107776K, reserved 1179648K
  class space    used 14596K, committed 14976K, reserved 1048576K
}
Event: 29.795 GC heap after
{Heap after GC invocations=57 (full 0):
 garbage-first heap   total 372736K, used 166554K [0x0000000700000000, 0x0000000800000000)
  region size 2048K, 2 young (4096K), 2 survivors (4096K)
 Metaspace       used 106936K, committed 107776K, reserved 1179648K
  class space    used 14596K, committed 14976K, reserved 1048576K
}
Event: 30.297 GC heap before
{Heap before GC invocations=58 (full 0):
 garbage-first heap   total 372736K, used 191130K [0x0000000700000000, 0x0000000800000000)
  region size 2048K, 14 young (28672K), 2 survivors (4096K)
 Metaspace       used 106937K, committed 107776K, reserved 1179648K
  class space    used 14596K, committed 14976K, reserved 1048576K
}
Event: 30.299 GC heap after
{Heap after GC invocations=59 (full 0):
 garbage-first heap   total 372736K, used 167111K [0x0000000700000000, 0x0000000800000000)
  region size 2048K, 2 young (4096K), 2 survivors (4096K)
 Metaspace       used 106937K, committed 107776K, reserved 1179648K
  class space    used 14596K, committed 14976K, reserved 1048576K
}
Event: 30.460 GC heap before
{Heap before GC invocations=59 (full 0):
 garbage-first heap   total 372736K, used 181447K [0x0000000700000000, 0x0000000800000000)
  region size 2048K, 9 young (18432K), 2 survivors (4096K)
 Metaspace       used 106937K, committed 107776K, reserved 1179648K
  class space    used 14596K, committed 14976K, reserved 1048576K
}
Event: 30.462 GC heap after
{Heap after GC invocations=60 (full 0):
 garbage-first heap   total 372736K, used 165950K [0x0000000700000000, 0x0000000800000000)
  region size 2048K, 2 young (4096K), 2 survivors (4096K)
 Metaspace       used 106937K, committed 107776K, reserved 1179648K
  class space    used 14596K, committed 14976K, reserved 1048576K
}
Event: 31.491 GC heap before
{Heap before GC invocations=60 (full 0):
 garbage-first heap   total 372736K, used 264254K [0x0000000700000000, 0x0000000800000000)
  region size 2048K, 50 young (102400K), 2 survivors (4096K)
 Metaspace       used 106938K, committed 107776K, reserved 1179648K
  class space    used 14596K, committed 14976K, reserved 1048576K
}
Event: 31.494 GC heap after
{Heap after GC invocations=61 (full 0):
 garbage-first heap   total 372736K, used 168181K [0x0000000700000000, 0x0000000800000000)
  region size 2048K, 3 young (6144K), 3 survivors (6144K)
 Metaspace       used 106938K, committed 107776K, reserved 1179648K
  class space    used 14596K, committed 14976K, reserved 1048576K
}
Event: 32.956 GC heap before
{Heap before GC invocations=62 (full 0):
 garbage-first heap   total 372736K, used 291061K [0x0000000700000000, 0x0000000800000000)
  region size 2048K, 63 young (129024K), 3 survivors (6144K)
 Metaspace       used 106951K, committed 107776K, reserved 1179648K
  class space    used 14596K, committed 14976K, reserved 1048576K
}
Event: 32.960 GC heap after
{Heap after GC invocations=63 (full 0):
 garbage-first heap   total 372736K, used 171179K [0x0000000700000000, 0x0000000800000000)
  region size 2048K, 4 young (8192K), 4 survivors (8192K)
 Metaspace       used 106951K, committed 107776K, reserved 1179648K
  class space    used 14596K, committed 14976K, reserved 1048576K
}
Event: 33.095 GC heap before
{Heap before GC invocations=63 (full 0):
 garbage-first heap   total 372736K, used 181419K [0x0000000700000000, 0x0000000800000000)
  region size 2048K, 9 young (18432K), 4 survivors (8192K)
 Metaspace       used 106951K, committed 107776K, reserved 1179648K
  class space    used 14596K, committed 14976K, reserved 1048576K
}
Event: 33.121 GC heap after
{Heap after GC invocations=64 (full 0):
 garbage-first heap   total 372736K, used 171722K [0x0000000700000000, 0x0000000800000000)
  region size 2048K, 2 young (4096K), 2 survivors (4096K)
 Metaspace       used 106951K, committed 107776K, reserved 1179648K
  class space    used 14596K, committed 14976K, reserved 1048576K
}
Event: 35.288 GC heap before
{Heap before GC invocations=64 (full 0):
 garbage-first heap   total 372736K, used 300746K [0x0000000700000000, 0x0000000800000000)
  region size 2048K, 65 young (133120K), 2 survivors (4096K)
 Metaspace       used 106951K, committed 107776K, reserved 1179648K
  class space    used 14596K, committed 14976K, reserved 1048576K
}

